build/app/outputs/mapping/release/seeds.txt
com.mycompany.virtualgallery.MainActivity
com.mycompany.virtualgallery.MainActivity: MainActivity()
...
com.google.android.gms.internal.firebase-auth-api.zzakg: java.lang.String toString()
com.google.android.recaptcha.internal.zzft: void zza(int,com.google.android.recaptcha.internal.zzek,com.google.android.recaptcha.internal.zzrr[])
com.google.android.gms.internal.firebase-auth-api.zzaju: zzaju(java.lang.String,int,boolean)
com.google.android.gms.internal.firebase-auth-api.zzaka: int zza()
com.google.android.gms.internal.firebase-auth-api.zzaft: com.google.android.gms.internal.firebase-auth-api.zzaft zza(java.lang.String,java.lang.String,java.lang.String,java.lang.String,java.lang.String)
com.google.android.gms.internal.firebase-auth-api.zzail: int zza(java.lang.Object,com.google.android.gms.internal.firebase-auth-api.zzalv,byte[],int,int,com.google.android.gms.internal.firebase-auth-api.zzaik)
com.google.android.gms.internal.firebase-auth-api.zzrp: void zza(com.google.android.gms.internal.firebase-auth-api.zzrp,com.google.android.gms.internal.firebase-auth-api.zzrv)
com.google.android.gms.internal.firebase-auth-api.zzpz: java.lang.Object zza(com.google.android.gms.internal.firebase-auth-api.zzoz)
com.google.android.gms.internal.firebase-auth-api.zzabj: com.google.android.gms.tasks.Task zzd(com.google.firebase.FirebaseApp,java.lang.String,java.lang.String)
com.google.android.gms.internal.auth.zzhh: void zzd(java.lang.Object,long,double)
com.google.android.gms.internal.firebase-auth-api.zzals: double zza()
com.google.android.recaptcha.internal.zzil: int zze(com.google.android.recaptcha.internal.zzmk,int,byte[],int,int,com.google.android.recaptcha.internal.zzkz,com.google.android.recaptcha.internal.zzik)
com.google.android.gms.internal.auth-api-phone.zzab: com.google.android.gms.tasks.Task startSmsUserConsent(java.lang.String)
com.google.android.gms.internal.firebase-auth-api.zzki: zzki(com.google.android.gms.internal.firebase-auth-api.zzoz)
com.google.android.gms.internal.firebase-auth-api.zzxe: java.lang.Object zza(int,java.lang.Object,java.lang.Object)
com.google.android.recaptcha.internal.zznm: com.google.android.recaptcha.internal.zznm[] values()
com.google.android.gms.internal.auth.zzhf: java.lang.Object run()
com.google.android.recaptcha.internal.zzay: zzay()
com.google.android.gms.internal.firebase-auth-api.zzama: java.lang.Object getKey()
com.google.android.gms.internal.firebase-auth-api.zzmt: zzmt()
androidx.appcompat.widget.SearchView$SearchAutoComplete: SearchView$SearchAutoComplete(android.content.Context,android.util.AttributeSet)
com.google.android.recaptcha.internal.zzox: zzox()
com.google.android.gms.internal.firebase-auth-api.zzahq: java.util.List zzb()
com.google.android.gms.internal.firebase-auth-api.zzjl: void zza(boolean)
com.google.android.recaptcha.internal.zzdc: zzdc(java.lang.String,java.lang.String,java.lang.String,android.content.Context,com.google.android.recaptcha.internal.zzdg)
com.google.android.gms.common.server.response.FastSafeParcelableJsonResponse: int hashCode()
com.google.android.recaptcha.internal.zzek: int zza()
com.google.firebase.firestore.core.OrderBy$Direction: com.google.firebase.firestore.core.OrderBy$Direction valueOf(java.lang.String)
com.google.android.play.core.integrity.bc: bc()
com.google.android.gms.internal.firebase-auth-api.zzals: void zzb(java.lang.Object,com.google.android.gms.internal.firebase-auth-api.zzalv,com.google.android.gms.internal.firebase-auth-api.zzajk)
com.google.android.gms.tasks.zzw: com.google.android.gms.tasks.Task continueWith(com.google.android.gms.tasks.Continuation)
com.google.android.recaptcha.internal.zzlr: com.google.android.recaptcha.internal.zzlr zzb()
com.google.android.gms.internal.firebase-auth-api.zzajg$zzd: void zzb(int,com.google.android.gms.internal.firebase-auth-api.zzalc)
com.google.android.gms.common.server.response.FastJsonResponse: void setStringInternal(com.google.android.gms.common.server.response.FastJsonResponse$Field,java.lang.String,java.lang.String)